<?xml version="1.0" encoding="UTF-8"?>
<!-- Generated by org.testng.reporters.JUnitReportReporter -->
<testsuite hostname="compaq-PC" name="com.scp.testlogin.TestDataProvider" tests="2" failures="0" timestamp="14 Jul 2018 05:49:02 GMT" time="2.826" errors="0">
  <testcase name="authenticate" time="0.016" classname="com.scp.testlogin.TestDataProvider"/>
  <testcase name="authenticate" time="2.810" classname="com.scp.testlogin.TestDataProvider"/>
</testsuite> <!-- com.scp.testlogin.TestDataProvider -->
