<?xml version="1.0" encoding="UTF-8"?>
<!-- Generated by org.testng.reporters.JUnitReportReporter -->
<testsuite hostname="compaq-PC" name="com.prathamesh.test.TestngAnnotation" tests="1" failures="0" timestamp="25 Jul 2018 14:38:17 GMT" time="0.032" errors="0">
  <testcase name="testCase2" time="0.032" classname="com.prathamesh.test.TestngAnnotation"/>
</testsuite> <!-- com.prathamesh.test.TestngAnnotation -->
