<?xml version="1.0" encoding="UTF-8"?>
<!-- Generated by org.testng.reporters.JUnitReportReporter -->
<testsuite hostname="compaq-PC" name="com.prathamesh.module2.D" tests="1" failures="0" timestamp="21 Jul 2018 13:57:06 GMT" time="0.000" errors="0">
  <testcase name="m3" time="0.000" classname="com.prathamesh.module2.D"/>
</testsuite> <!-- com.prathamesh.module2.D -->
