<?xml version="1.0" encoding="UTF-8"?>
<!-- Generated by org.testng.reporters.JUnitReportReporter -->
<testsuite hostname="compaq-PC" name="com.prathamesh.test.TestEmployeeDetails" tests="2" failures="0" timestamp="21 Jul 2018 14:21:24 GMT" time="0.031" errors="0">
  <testcase name="testCalculateAppriasal" time="0.031" classname="com.prathamesh.test.TestEmployeeDetails"/>
  <testcase name="testCalculateYearlySalary" time="0.000" classname="com.prathamesh.test.TestEmployeeDetails"/>
</testsuite> <!-- com.prathamesh.test.TestEmployeeDetails -->
