<?xml version="1.0" encoding="UTF-8"?>
<!-- Generated by org.testng.reporters.JUnitReportReporter -->
<testsuite hostname="compaq-PC" name="com.scp.TestNGDemo.TestNGDemo.Test" tests="1" failures="0" timestamp="14 Jul 2018 02:35:08 GMT" time="0.044" errors="0">
  <testcase name="oneMoreTest" time="0.044" classname="com.scp.TestNGDemo.TestNGDemo.Test"/>
</testsuite> <!-- com.scp.TestNGDemo.TestNGDemo.Test -->
