<?xml version="1.0" encoding="UTF-8"?>
<!-- Generated by org.testng.reporters.JUnitReportReporter -->
<testsuite hostname="compaq-PC" name="com.prathamesh.module1.B" tests="1" failures="0" timestamp="21 Jul 2018 13:53:24 GMT" time="0.031" errors="0">
  <testcase name="m2" time="0.031" classname="com.prathamesh.module1.B"/>
</testsuite> <!-- com.prathamesh.module1.B -->
