<?xml version="1.0" encoding="UTF-8"?>
<!-- Generated by org.testng.reporters.JUnitReportReporter -->
<testsuite skipped="0" hostname="compaq-PC" name="com.prathamesh.test.BookHolidayPackage" tests="3" failures="0" timestamp="10 Jan 2019 05:33:44 GMT" time="0.005" errors="0">
  <testcase name="bookHolidayPackageDestination" time="0.002" classname="com.prathamesh.test.BookHolidayPackage"/>
  <testcase name="bookHolidayPackageArrival" time="0.002" classname="com.prathamesh.test.BookHolidayPackage"/>
  <testcase name="bookHolidayPackageDeparture" time="0.001" classname="com.prathamesh.test.BookHolidayPackage"/>
</testsuite> <!-- com.prathamesh.test.BookHolidayPackage -->
