<?xml version="1.0" encoding="UTF-8"?>
<!-- Generated by org.testng.reporters.JUnitReportReporter -->
<testsuite skipped="0" hostname="compaq-PC" name="com.prathamesh.test.BookHotel" tests="3" failures="0" timestamp="10 Jan 2019 05:33:44 GMT" time="0.005" errors="0">
  <testcase name="bookHotelDestination" time="0.002" classname="com.prathamesh.test.BookHotel"/>
  <testcase name="bookHotelCheckIn" time="0.002" classname="com.prathamesh.test.BookHotel"/>
  <testcase name="bookHotelCheckOut" time="0.001" classname="com.prathamesh.test.BookHotel"/>
</testsuite> <!-- com.prathamesh.test.BookHotel -->
