<?xml version="1.0" encoding="UTF-8"?>
<!-- Generated by org.testng.reporters.JUnitReportReporter -->
<testsuite skipped="0" hostname="compaq-PC" name="com.prathamesh.test.TestClass" tests="3" failures="0" timestamp="10 Jan 2019 04:44:40 GMT" time="0.030" errors="0">
  <testcase name="testCase3" time="0.001" classname="com.prathamesh.test.TestClass"/>
  <testcase name="testCase2" time="0.019" classname="com.prathamesh.test.TestClass"/>
  <testcase name="testCase1" time="0.010" classname="com.prathamesh.test.TestClass"/>
</testsuite> <!-- com.prathamesh.test.TestClass -->
