<?xml version="1.0" encoding="UTF-8"?>
<!-- Generated by org.testng.reporters.JUnitReportReporter -->
<testsuite skipped="0" hostname="compaq-PC" name="com.prathamesh.test.D" tests="1" failures="0" timestamp="10 Jan 2019 07:19:13 GMT" time="0.016" errors="0">
  <testcase name="authenticate" time="0.016" classname="com.prathamesh.test.D"/>
</testsuite> <!-- com.prathamesh.test.D -->
