<?xml version="1.0" encoding="UTF-8"?>
<!-- Generated by org.testng.reporters.JUnitReportReporter -->
<testsuite skipped="0" hostname="compaq-PC" name="com.prathamesh.test.B" tests="3" failures="0" timestamp="10 Jan 2019 07:08:39 GMT" time="0.031" errors="0">
  <testcase name="testCase1" time="0.031" classname="com.prathamesh.test.B"/>
  <testcase name="testCase2" time="0.000" classname="com.prathamesh.test.B"/>
  <testcase name="testCase3" time="0.000" classname="com.prathamesh.test.B"/>
</testsuite> <!-- com.prathamesh.test.B -->
