<?xml version="1.0" encoding="UTF-8"?>
<!-- Generated by org.testng.reporters.JUnitReportReporter -->
<testsuite skipped="0" hostname="compaq-PC" name="com.prathamesh.test.E" tests="4" failures="0" timestamp="10 Jan 2019 15:07:19 GMT" time="0.050" errors="0">
  <testcase name="testCase1" time="0.010" classname="com.prathamesh.test.E"/>
  <testcase name="testCase1" time="0.030" classname="com.prathamesh.test.E"/>
  <testcase name="testCase1" time="0.010" classname="com.prathamesh.test.E"/>
  <testcase name="testCase1" time="0.000" classname="com.prathamesh.test.E"/>
</testsuite> <!-- com.prathamesh.test.E -->
