<?xml version="1.0" encoding="UTF-8"?>
<!-- Generated by org.testng.reporters.JUnitReportReporter -->
<testsuite skipped="0" hostname="compaq-PC" name="com.prathamesh.test.BookFlight" tests="4" failures="0" timestamp="10 Jan 2019 05:33:44 GMT" time="0.050" errors="0">
  <testcase name="bookFlightOneWayTestCase4" time="0.020" classname="com.prathamesh.test.BookFlight"/>
  <testcase name="bookFlightRoundTripTestCase1" time="0.010" classname="com.prathamesh.test.BookFlight"/>
  <testcase name="bookFlightRoundTripTestCase2" time="0.000" classname="com.prathamesh.test.BookFlight"/>
  <testcase name="bookFlightOneWayTestCase3" time="0.020" classname="com.prathamesh.test.BookFlight"/>
</testsuite> <!-- com.prathamesh.test.BookFlight -->
