<?xml version="1.0" encoding="UTF-8"?>
<!-- Generated by org.testng.reporters.JUnitReportReporter -->
<testsuite skipped="0" hostname="compaq-PC" name="com.prathamesh.TestNG.MyFirstTest" tests="1" failures="0" timestamp="10 Jan 2019 03:50:28 GMT" time="0.031" errors="0">
  <testcase name="f" time="0.031" classname="com.prathamesh.TestNG.MyFirstTest"/>
</testsuite> <!-- com.prathamesh.TestNG.MyFirstTest -->
